<?xml version="1.0" encoding="UTF-8"?>
<testsuite name="Gym.Membership.Project.LibraryTest" tests="1" skipped="0" failures="0" errors="0" timestamp="2020-06-20T12:22:56" hostname="DESKTOP-47JFBFQ" time="0.002">
  <properties/>
  <testcase name="testSomeLibraryMethod" classname="Gym.Membership.Project.LibraryTest" time="0.002"/>
  <system-out><![CDATA[]]></system-out>
  <system-err><![CDATA[]]></system-err>
</testsuite>
